<?xml version="1.0" encoding="UTF-8"?>
<testsuite xmlns:xsi="http://www.w3.org/2001/XMLSchema-instance" xsi:noNamespaceSchemaLocation="https://maven.apache.org/surefire/maven-surefire-plugin/xsd/surefire-test-report-3.0.xsd" version="3.0" name="runners.TestRunner" time="3.911" tests="9" errors="8" skipped="0" failures="0">
  <properties>
[...]
</properties>
  <testcase name="Verify visibility of core elements on homepage" classname="Amazon HomePage features" time="3.615">
    <system-out><![CDATA[
@Smoke @UI
Scenario: Verify visibility of core elements on homepage # src/main/resources/features/Home.feature:7
  Given User is on the Amazon homepage                   # stepDefinitions.HomeStep.user_is_on_amazon_homepage()
  Then Amazon logo should be visible                     # stepDefinitions.HomeStep.amazon_logo_should_be_visible()
  And Search bar should be visible                       # stepDefinitions.HomeStep.search_bar_should_be_visible()
  And Search icon should be functional                   # stepDefinitions.HomeStep.search_icon_should_be_functional()
  And Top banner should be visible                       # stepDefinitions.HomeStep.top_banner_should_be_visible()
  And Menu bar with categories should be visible         # stepDefinitions.HomeStep.menu_bar_should_be_visible()
  And Headlines or deals section should be visible       # stepDefinitions.HomeStep.deals_section_should_be_visible()
Not clearing cache due to: Session ID is null. Using WebDriver after calling quit()?
Build info: version: '4.34.0', revision: '707dcb4246*'
System info: os.name: 'Mac OS X', os.arch: 'aarch64', os.version: '15.5', java.version: '17.0.15'
Driver info: org.openqa.selenium.chrome.ChromeDriver
Command: [null, get {url=chrome://settings/clearBrowserData}]
Capabilities {acceptInsecureCerts: false, browserName: chrome, browserVersion: 138.0.7204.93, chrome: {chromedriverVersion: 138.0.7204.94 (545025748884..., userDataDir: /var/folders/b7/cdf4zftd0dz...}, fedcm:accounts: true, goog:chromeOptions: {debuggerAddress: localhost:51369}, networkConnectionEnabled: false, pageLoadStrategy: normal, platformName: mac, proxy: Proxy(), se:cdp: ws://localhost:51369/devtoo..., se:cdpVersion: 138.0.7204.93, setWindowRect: true, strictFileInteractability: false, timeouts: {implicit: 0, pageLoad: 300000, script: 30000}, unhandledPromptBehavior: dismiss and notify, webauthn:extension:credBlob: true, webauthn:extension:largeBlob: true, webauthn:extension:minPinLength: true, webauthn:extension:prf: true, webauthn:virtualAuthenticators: true}
]]></system-out>
  </testcase>
  <testcase name="Validate navigation to category and back to homepage" classname="Amazon HomePage features" time="0.014">
    <error message="Session ID is null. Using WebDriver after calling quit()?&#10;Build info: version: &apos;4.34.0&apos;, revision: &apos;707dcb4246*&apos;&#10;System info: os.name: &apos;Mac OS X&apos;, os.arch: &apos;aarch64&apos;, os.version: &apos;15.5&apos;, java.version: &apos;17.0.15&apos;&#10;Driver info: org.openqa.selenium.chrome.ChromeDriver&#10;Command: [null, maximizeCurrentWindow {}]&#10;Capabilities {acceptInsecureCerts: false, browserName: chrome, browserVersion: 138.0.7204.93, chrome: {chromedriverVersion: 138.0.7204.94 (545025748884..., userDataDir: /var/folders/b7/cdf4zftd0dz...}, fedcm:accounts: true, goog:chromeOptions: {debuggerAddress: localhost:51369}, networkConnectionEnabled: false, pageLoadStrategy: normal, platformName: mac, proxy: Proxy(), se:cdp: ws://localhost:51369/devtoo..., se:cdpVersion: 138.0.7204.93, setWindowRect: true, strictFileInteractability: false, timeouts: {implicit: 0, pageLoad: 300000, script: 30000}, unhandledPromptBehavior: dismiss and notify, webauthn:extension:credBlob: true, webauthn:extension:largeBlob: true, webauthn:extension:minPinLength: true, webauthn:extension:prf: true, webauthn:virtualAuthenticators: true}" type="org.openqa.selenium.NoSuchSessionException"><![CDATA[org.openqa.selenium.NoSuchSessionException: 
Session ID is null. Using WebDriver after calling quit()?
Build info: version: '4.34.0', revision: '707dcb4246*'
System info: os.name: 'Mac OS X', os.arch: 'aarch64', os.version: '15.5', java.version: '17.0.15'
Driver info: org.openqa.selenium.chrome.ChromeDriver
Command: [null, maximizeCurrentWindow {}]
Capabilities {acceptInsecureCerts: false, browserName: chrome, browserVersion: 138.0.7204.93, chrome: {chromedriverVersion: 138.0.7204.94 (545025748884..., userDataDir: /var/folders/b7/cdf4zftd0dz...}, fedcm:accounts: true, goog:chromeOptions: {debuggerAddress: localhost:51369}, networkConnectionEnabled: false, pageLoadStrategy: normal, platformName: mac, proxy: Proxy(), se:cdp: ws://localhost:51369/devtoo..., se:cdpVersion: 138.0.7204.93, setWindowRect: true, strictFileInteractability: false, timeouts: {implicit: 0, pageLoad: 300000, script: 30000}, unhandledPromptBehavior: dismiss and notify, webauthn:extension:credBlob: true, webauthn:extension:largeBlob: true, webauthn:extension:minPinLength: true, webauthn:extension:prf: true, webauthn:virtualAuthenticators: true}
	at org.openqa.selenium.remote.HttpCommandExecutor.execute(HttpCommandExecutor.java:176)
	at org.openqa.selenium.remote.service.DriverCommandExecutor.invokeExecute(DriverCommandExecutor.java:216)
	at org.openqa.selenium.remote.service.DriverCommandExecutor.execute(DriverCommandExecutor.java:174)
	at org.openqa.selenium.remote.RemoteWebDriver.execute(RemoteWebDriver.java:544)
	at org.openqa.selenium.remote.RemoteWebDriver.execute(RemoteWebDriver.java:617)
	at org.openqa.selenium.remote.RemoteWebDriver.execute(RemoteWebDriver.java:621)
	at org.openqa.selenium.remote.RemoteWebDriver$RemoteWebDriverOptions$RemoteWindow.maximize(RemoteWebDriver.java:1047)
	at hooks.TestHooks.setUp(TestHooks.java:17)
]]></error>
    <system-out><![CDATA[
@Smoke @Interaction
Scenario: Validate navigation to category and back to homepage # src/main/resources/features/Home.feature:16
      org.openqa.selenium.NoSuchSessionException: Session ID is null. Using WebDriver after calling quit()?
      Build info: version: '4.34.0', revision: '707dcb4246*'
      System info: os.name: 'Mac OS X', os.arch: 'aarch64', os.version: '15.5', java.version: '17.0.15'
      Driver info: org.openqa.selenium.chrome.ChromeDriver
      Command: [null, maximizeCurrentWindow {}]
      Capabilities {acceptInsecureCerts: false, browserName: chrome, browserVersion: 138.0.7204.93, chrome: {chromedriverVersion: 138.0.7204.94 (545025748884..., userDataDir: /var/folders/b7/cdf4zftd0dz...}, fedcm:accounts: true, goog:chromeOptions: {debuggerAddress: localhost:51369}, networkConnectionEnabled: false, pageLoadStrategy: normal, platformName: mac, proxy: Proxy(), se:cdp: ws://localhost:51369/devtoo..., se:cdpVersion: 138.0.7204.93, setWindowRect: true, strictFileInteractability: false, timeouts: {implicit: 0, pageLoad: 300000, script: 30000}, unhandledPromptBehavior: dismiss and notify, webauthn:extension:credBlob: true, webauthn:extension:largeBlob: true, webauthn:extension:minPinLength: true, webauthn:extension:prf: true, webauthn:virtualAuthenticators: true}
      	at org.openqa.selenium.remote.HttpCommandExecutor.execute(HttpCommandExecutor.java:176)
      	at org.openqa.selenium.remote.service.DriverCommandExecutor.invokeExecute(DriverCommandExecutor.java:216)
      	at org.openqa.selenium.remote.service.DriverCommandExecutor.execute(DriverCommandExecutor.java:174)
      	at org.openqa.selenium.remote.RemoteWebDriver.execute(RemoteWebDriver.java:544)
      	at org.openqa.selenium.remote.RemoteWebDriver.execute(RemoteWebDriver.java:617)
      	at org.openqa.selenium.remote.RemoteWebDriver.execute(RemoteWebDriver.java:621)
      	at org.openqa.selenium.remote.RemoteWebDriver$RemoteWebDriverOptions$RemoteWindow.maximize(RemoteWebDriver.java:1047)
      	at hooks.TestHooks.setUp(TestHooks.java:17)
  Given User is on the Amazon homepage                         # stepDefinitions.HomeStep.user_is_on_amazon_homepage()
  When User clicks on any category in menu bar                 # stepDefinitions.HomeStep.user_clicks_on_any_category()
  Then Category page should be displayed                       # stepDefinitions.HomeStep.category_page_should_be_displayed()
  And User navigates back to homepage                          # stepDefinitions.HomeStep.user_navigates_back_to_homepage()
  Then Amazon logo should be visible                           # stepDefinitions.HomeStep.amazon_logo_should_be_visible()
      org.openqa.selenium.NoSuchSessionException: Session ID is null. Using WebDriver after calling quit()?
      Build info: version: '4.34.0', revision: '707dcb4246*'
      System info: os.name: 'Mac OS X', os.arch: 'aarch64', os.version: '15.5', java.version: '17.0.15'
      Driver info: org.openqa.selenium.chrome.ChromeDriver
      Command: [null, screenshot {}]
      Capabilities {acceptInsecureCerts: false, browserName: chrome, browserVersion: 138.0.7204.93, chrome: {chromedriverVersion: 138.0.7204.94 (545025748884..., userDataDir: /var/folders/b7/cdf4zftd0dz...}, fedcm:accounts: true, goog:chromeOptions: {debuggerAddress: localhost:51369}, networkConnectionEnabled: false, pageLoadStrategy: normal, platformName: mac, proxy: Proxy(), se:cdp: ws://localhost:51369/devtoo..., se:cdpVersion: 138.0.7204.93, setWindowRect: true, strictFileInteractability: false, timeouts: {implicit: 0, pageLoad: 300000, script: 30000}, unhandledPromptBehavior: dismiss and notify, webauthn:extension:credBlob: true, webauthn:extension:largeBlob: true, webauthn:extension:minPinLength: true, webauthn:extension:prf: true, webauthn:virtualAuthenticators: true}
      	at org.openqa.selenium.remote.HttpCommandExecutor.execute(HttpCommandExecutor.java:176)
      	at org.openqa.selenium.remote.service.DriverCommandExecutor.invokeExecute(DriverCommandExecutor.java:216)
      	at org.openqa.selenium.remote.service.DriverCommandExecutor.execute(DriverCommandExecutor.java:174)
      	at org.openqa.selenium.remote.RemoteWebDriver.execute(RemoteWebDriver.java:544)
      	at org.openqa.selenium.remote.RemoteWebDriver.execute(RemoteWebDriver.java:617)
      	at org.openqa.selenium.remote.RemoteWebDriver.execute(RemoteWebDriver.java:621)
      	at org.openqa.selenium.remote.RemoteWebDriver.getScreenshotAs(RemoteWebDriver.java:333)
      	at utils.ScreenshotUtil.takeScreenshot(ScreenshotUtil.java:28)
      	at hooks.TestHooks.tearDown(TestHooks.java:23)
]]></system-out>
  </testcase>
  <testcase name="Validate navigation to category and back to homepage" classname="Amazon HomePage features" time="0.014">
    <error message="Session ID is null. Using WebDriver after calling quit()?&#10;Build info: version: &apos;4.34.0&apos;, revision: &apos;707dcb4246*&apos;&#10;System info: os.name: &apos;Mac OS X&apos;, os.arch: &apos;aarch64&apos;, os.version: &apos;15.5&apos;, java.version: &apos;17.0.15&apos;&#10;Driver info: org.openqa.selenium.chrome.ChromeDriver&#10;Command: [null, screenshot {}]&#10;Capabilities {acceptInsecureCerts: false, browserName: chrome, browserVersion: 138.0.7204.93, chrome: {chromedriverVersion: 138.0.7204.94 (545025748884..., userDataDir: /var/folders/b7/cdf4zftd0dz...}, fedcm:accounts: true, goog:chromeOptions: {debuggerAddress: localhost:51369}, networkConnectionEnabled: false, pageLoadStrategy: normal, platformName: mac, proxy: Proxy(), se:cdp: ws://localhost:51369/devtoo..., se:cdpVersion: 138.0.7204.93, setWindowRect: true, strictFileInteractability: false, timeouts: {implicit: 0, pageLoad: 300000, script: 30000}, unhandledPromptBehavior: dismiss and notify, webauthn:extension:credBlob: true, webauthn:extension:largeBlob: true, webauthn:extension:minPinLength: true, webauthn:extension:prf: true, webauthn:virtualAuthenticators: true}" type="org.openqa.selenium.NoSuchSessionException"><![CDATA[org.openqa.selenium.NoSuchSessionException: 
Session ID is null. Using WebDriver after calling quit()?
Build info: version: '4.34.0', revision: '707dcb4246*'
System info: os.name: 'Mac OS X', os.arch: 'aarch64', os.version: '15.5', java.version: '17.0.15'
Driver info: org.openqa.selenium.chrome.ChromeDriver
Command: [null, screenshot {}]
Capabilities {acceptInsecureCerts: false, browserName: chrome, browserVersion: 138.0.7204.93, chrome: {chromedriverVersion: 138.0.7204.94 (545025748884..., userDataDir: /var/folders/b7/cdf4zftd0dz...}, fedcm:accounts: true, goog:chromeOptions: {debuggerAddress: localhost:51369}, networkConnectionEnabled: false, pageLoadStrategy: normal, platformName: mac, proxy: Proxy(), se:cdp: ws://localhost:51369/devtoo..., se:cdpVersion: 138.0.7204.93, setWindowRect: true, strictFileInteractability: false, timeouts: {implicit: 0, pageLoad: 300000, script: 30000}, unhandledPromptBehavior: dismiss and notify, webauthn:extension:credBlob: true, webauthn:extension:largeBlob: true, webauthn:extension:minPinLength: true, webauthn:extension:prf: true, webauthn:virtualAuthenticators: true}
	at org.openqa.selenium.remote.HttpCommandExecutor.execute(HttpCommandExecutor.java:176)
	at org.openqa.selenium.remote.service.DriverCommandExecutor.invokeExecute(DriverCommandExecutor.java:216)
	at org.openqa.selenium.remote.service.DriverCommandExecutor.execute(DriverCommandExecutor.java:174)
	at org.openqa.selenium.remote.RemoteWebDriver.execute(RemoteWebDriver.java:544)
	at org.openqa.selenium.remote.RemoteWebDriver.execute(RemoteWebDriver.java:617)
	at org.openqa.selenium.remote.RemoteWebDriver.execute(RemoteWebDriver.java:621)
	at org.openqa.selenium.remote.RemoteWebDriver.getScreenshotAs(RemoteWebDriver.java:333)
	at utils.ScreenshotUtil.takeScreenshot(ScreenshotUtil.java:28)
	at hooks.TestHooks.tearDown(TestHooks.java:23)
]]></error>
  </testcase>
  <testcase name="Perform a search and return to homepage" classname="Amazon HomePage features" time="0.006">
    <error message="Session ID is null. Using WebDriver after calling quit()?&#10;Build info: version: &apos;4.34.0&apos;, revision: &apos;707dcb4246*&apos;&#10;System info: os.name: &apos;Mac OS X&apos;, os.arch: &apos;aarch64&apos;, os.version: &apos;15.5&apos;, java.version: &apos;17.0.15&apos;&#10;Driver info: org.openqa.selenium.chrome.ChromeDriver&#10;Command: [null, maximizeCurrentWindow {}]&#10;Capabilities {acceptInsecureCerts: false, browserName: chrome, browserVersion: 138.0.7204.93, chrome: {chromedriverVersion: 138.0.7204.94 (545025748884..., userDataDir: /var/folders/b7/cdf4zftd0dz...}, fedcm:accounts: true, goog:chromeOptions: {debuggerAddress: localhost:51369}, networkConnectionEnabled: false, pageLoadStrategy: normal, platformName: mac, proxy: Proxy(), se:cdp: ws://localhost:51369/devtoo..., se:cdpVersion: 138.0.7204.93, setWindowRect: true, strictFileInteractability: false, timeouts: {implicit: 0, pageLoad: 300000, script: 30000}, unhandledPromptBehavior: dismiss and notify, webauthn:extension:credBlob: true, webauthn:extension:largeBlob: true, webauthn:extension:minPinLength: true, webauthn:extension:prf: true, webauthn:virtualAuthenticators: true}" type="org.openqa.selenium.NoSuchSessionException"><![CDATA[org.openqa.selenium.NoSuchSessionException: 
Session ID is null. Using WebDriver after calling quit()?
Build info: version: '4.34.0', revision: '707dcb4246*'
System info: os.name: 'Mac OS X', os.arch: 'aarch64', os.version: '15.5', java.version: '17.0.15'
Driver info: org.openqa.selenium.chrome.ChromeDriver
Command: [null, maximizeCurrentWindow {}]
Capabilities {acceptInsecureCerts: false, browserName: chrome, browserVersion: 138.0.7204.93, chrome: {chromedriverVersion: 138.0.7204.94 (545025748884..., userDataDir: /var/folders/b7/cdf4zftd0dz...}, fedcm:accounts: true, goog:chromeOptions: {debuggerAddress: localhost:51369}, networkConnectionEnabled: false, pageLoadStrategy: normal, platformName: mac, proxy: Proxy(), se:cdp: ws://localhost:51369/devtoo..., se:cdpVersion: 138.0.7204.93, setWindowRect: true, strictFileInteractability: false, timeouts: {implicit: 0, pageLoad: 300000, script: 30000}, unhandledPromptBehavior: dismiss and notify, webauthn:extension:credBlob: true, webauthn:extension:largeBlob: true, webauthn:extension:minPinLength: true, webauthn:extension:prf: true, webauthn:virtualAuthenticators: true}
	at org.openqa.selenium.remote.HttpCommandExecutor.execute(HttpCommandExecutor.java:176)
	at org.openqa.selenium.remote.service.DriverCommandExecutor.invokeExecute(DriverCommandExecutor.java:216)
	at org.openqa.selenium.remote.service.DriverCommandExecutor.execute(DriverCommandExecutor.java:174)
	at org.openqa.selenium.remote.RemoteWebDriver.execute(RemoteWebDriver.java:544)
	at org.openqa.selenium.remote.RemoteWebDriver.execute(RemoteWebDriver.java:617)
	at org.openqa.selenium.remote.RemoteWebDriver.execute(RemoteWebDriver.java:621)
	at org.openqa.selenium.remote.RemoteWebDriver$RemoteWebDriverOptions$RemoteWindow.maximize(RemoteWebDriver.java:1047)
	at hooks.TestHooks.setUp(TestHooks.java:17)
]]></error>
    <system-out><![CDATA[
@Smoke @Interaction
Scenario: Perform a search and return to homepage                # src/main/resources/features/Home.feature:23
      org.openqa.selenium.NoSuchSessionException: Session ID is null. Using WebDriver after calling quit()?
      Build info: version: '4.34.0', revision: '707dcb4246*'
      System info: os.name: 'Mac OS X', os.arch: 'aarch64', os.version: '15.5', java.version: '17.0.15'
      Driver info: org.openqa.selenium.chrome.ChromeDriver
      Command: [null, maximizeCurrentWindow {}]
      Capabilities {acceptInsecureCerts: false, browserName: chrome, browserVersion: 138.0.7204.93, chrome: {chromedriverVersion: 138.0.7204.94 (545025748884..., userDataDir: /var/folders/b7/cdf4zftd0dz...}, fedcm:accounts: true, goog:chromeOptions: {debuggerAddress: localhost:51369}, networkConnectionEnabled: false, pageLoadStrategy: normal, platformName: mac, proxy: Proxy(), se:cdp: ws://localhost:51369/devtoo..., se:cdpVersion: 138.0.7204.93, setWindowRect: true, strictFileInteractability: false, timeouts: {implicit: 0, pageLoad: 300000, script: 30000}, unhandledPromptBehavior: dismiss and notify, webauthn:extension:credBlob: true, webauthn:extension:largeBlob: true, webauthn:extension:minPinLength: true, webauthn:extension:prf: true, webauthn:virtualAuthenticators: true}
      	at org.openqa.selenium.remote.HttpCommandExecutor.execute(HttpCommandExecutor.java:176)
      	at org.openqa.selenium.remote.service.DriverCommandExecutor.invokeExecute(DriverCommandExecutor.java:216)
      	at org.openqa.selenium.remote.service.DriverCommandExecutor.execute(DriverCommandExecutor.java:174)
      	at org.openqa.selenium.remote.RemoteWebDriver.execute(RemoteWebDriver.java:544)
      	at org.openqa.selenium.remote.RemoteWebDriver.execute(RemoteWebDriver.java:617)
      	at org.openqa.selenium.remote.RemoteWebDriver.execute(RemoteWebDriver.java:621)
      	at org.openqa.selenium.remote.RemoteWebDriver$RemoteWebDriverOptions$RemoteWindow.maximize(RemoteWebDriver.java:1047)
      	at hooks.TestHooks.setUp(TestHooks.java:17)
  Given User is on the Amazon homepage                           # stepDefinitions.HomeStep.user_is_on_amazon_homepage()
  When User enters "laptop" in search bar and clicks search icon # stepDefinitions.HomeStep.user_enters_keyword_and_searches(java.lang.String)
  Then Search results should be displayed                        # stepDefinitions.HomeStep.search_results_should_be_displayed()
  And User clicks Amazon logo to return to homepage              # stepDefinitions.HomeStep.user_clicks_logo_to_homepage()
  Then Top banner should be visible                              # stepDefinitions.HomeStep.top_banner_should_be_visible()
      org.openqa.selenium.NoSuchSessionException: Session ID is null. Using WebDriver after calling quit()?
      Build info: version: '4.34.0', revision: '707dcb4246*'
      System info: os.name: 'Mac OS X', os.arch: 'aarch64', os.version: '15.5', java.version: '17.0.15'
      Driver info: org.openqa.selenium.chrome.ChromeDriver
      Command: [null, screenshot {}]
      Capabilities {acceptInsecureCerts: false, browserName: chrome, browserVersion: 138.0.7204.93, chrome: {chromedriverVersion: 138.0.7204.94 (545025748884..., userDataDir: /var/folders/b7/cdf4zftd0dz...}, fedcm:accounts: true, goog:chromeOptions: {debuggerAddress: localhost:51369}, networkConnectionEnabled: false, pageLoadStrategy: normal, platformName: mac, proxy: Proxy(), se:cdp: ws://localhost:51369/devtoo..., se:cdpVersion: 138.0.7204.93, setWindowRect: true, strictFileInteractability: false, timeouts: {implicit: 0, pageLoad: 300000, script: 30000}, unhandledPromptBehavior: dismiss and notify, webauthn:extension:credBlob: true, webauthn:extension:largeBlob: true, webauthn:extension:minPinLength: true, webauthn:extension:prf: true, webauthn:virtualAuthenticators: true}
      	at org.openqa.selenium.remote.HttpCommandExecutor.execute(HttpCommandExecutor.java:176)
      	at org.openqa.selenium.remote.service.DriverCommandExecutor.invokeExecute(DriverCommandExecutor.java:216)
      	at org.openqa.selenium.remote.service.DriverCommandExecutor.execute(DriverCommandExecutor.java:174)
      	at org.openqa.selenium.remote.RemoteWebDriver.execute(RemoteWebDriver.java:544)
      	at org.openqa.selenium.remote.RemoteWebDriver.execute(RemoteWebDriver.java:617)
      	at org.openqa.selenium.remote.RemoteWebDriver.execute(RemoteWebDriver.java:621)
      	at org.openqa.selenium.remote.RemoteWebDriver.getScreenshotAs(RemoteWebDriver.java:333)
      	at utils.ScreenshotUtil.takeScreenshot(ScreenshotUtil.java:28)
      	at hooks.TestHooks.tearDown(TestHooks.java:23)
]]></system-out>
  </testcase>
  <testcase name="Perform a search and return to homepage" classname="Amazon HomePage features" time="0.006">
    <error message="Session ID is null. Using WebDriver after calling quit()?&#10;Build info: version: &apos;4.34.0&apos;, revision: &apos;707dcb4246*&apos;&#10;System info: os.name: &apos;Mac OS X&apos;, os.arch: &apos;aarch64&apos;, os.version: &apos;15.5&apos;, java.version: &apos;17.0.15&apos;&#10;Driver info: org.openqa.selenium.chrome.ChromeDriver&#10;Command: [null, screenshot {}]&#10;Capabilities {acceptInsecureCerts: false, browserName: chrome, browserVersion: 138.0.7204.93, chrome: {chromedriverVersion: 138.0.7204.94 (545025748884..., userDataDir: /var/folders/b7/cdf4zftd0dz...}, fedcm:accounts: true, goog:chromeOptions: {debuggerAddress: localhost:51369}, networkConnectionEnabled: false, pageLoadStrategy: normal, platformName: mac, proxy: Proxy(), se:cdp: ws://localhost:51369/devtoo..., se:cdpVersion: 138.0.7204.93, setWindowRect: true, strictFileInteractability: false, timeouts: {implicit: 0, pageLoad: 300000, script: 30000}, unhandledPromptBehavior: dismiss and notify, webauthn:extension:credBlob: true, webauthn:extension:largeBlob: true, webauthn:extension:minPinLength: true, webauthn:extension:prf: true, webauthn:virtualAuthenticators: true}" type="org.openqa.selenium.NoSuchSessionException"><![CDATA[org.openqa.selenium.NoSuchSessionException: 
Session ID is null. Using WebDriver after calling quit()?
Build info: version: '4.34.0', revision: '707dcb4246*'
System info: os.name: 'Mac OS X', os.arch: 'aarch64', os.version: '15.5', java.version: '17.0.15'
Driver info: org.openqa.selenium.chrome.ChromeDriver
Command: [null, screenshot {}]
Capabilities {acceptInsecureCerts: false, browserName: chrome, browserVersion: 138.0.7204.93, chrome: {chromedriverVersion: 138.0.7204.94 (545025748884..., userDataDir: /var/folders/b7/cdf4zftd0dz...}, fedcm:accounts: true, goog:chromeOptions: {debuggerAddress: localhost:51369}, networkConnectionEnabled: false, pageLoadStrategy: normal, platformName: mac, proxy: Proxy(), se:cdp: ws://localhost:51369/devtoo..., se:cdpVersion: 138.0.7204.93, setWindowRect: true, strictFileInteractability: false, timeouts: {implicit: 0, pageLoad: 300000, script: 30000}, unhandledPromptBehavior: dismiss and notify, webauthn:extension:credBlob: true, webauthn:extension:largeBlob: true, webauthn:extension:minPinLength: true, webauthn:extension:prf: true, webauthn:virtualAuthenticators: true}
	at org.openqa.selenium.remote.HttpCommandExecutor.execute(HttpCommandExecutor.java:176)
	at org.openqa.selenium.remote.service.DriverCommandExecutor.invokeExecute(DriverCommandExecutor.java:216)
	at org.openqa.selenium.remote.service.DriverCommandExecutor.execute(DriverCommandExecutor.java:174)
	at org.openqa.selenium.remote.RemoteWebDriver.execute(RemoteWebDriver.java:544)
	at org.openqa.selenium.remote.RemoteWebDriver.execute(RemoteWebDriver.java:617)
	at org.openqa.selenium.remote.RemoteWebDriver.execute(RemoteWebDriver.java:621)
	at org.openqa.selenium.remote.RemoteWebDriver.getScreenshotAs(RemoteWebDriver.java:333)
	at utils.ScreenshotUtil.takeScreenshot(ScreenshotUtil.java:28)
	at hooks.TestHooks.tearDown(TestHooks.java:23)
]]></error>
  </testcase>
  <testcase name="Login using test data from config #1" classname="Amazon Login Using Config Test Data" time="0.005">
    <error message="Session ID is null. Using WebDriver after calling quit()?&#10;Build info: version: &apos;4.34.0&apos;, revision: &apos;707dcb4246*&apos;&#10;System info: os.name: &apos;Mac OS X&apos;, os.arch: &apos;aarch64&apos;, os.version: &apos;15.5&apos;, java.version: &apos;17.0.15&apos;&#10;Driver info: org.openqa.selenium.chrome.ChromeDriver&#10;Command: [null, maximizeCurrentWindow {}]&#10;Capabilities {acceptInsecureCerts: false, browserName: chrome, browserVersion: 138.0.7204.93, chrome: {chromedriverVersion: 138.0.7204.94 (545025748884..., userDataDir: /var/folders/b7/cdf4zftd0dz...}, fedcm:accounts: true, goog:chromeOptions: {debuggerAddress: localhost:51369}, networkConnectionEnabled: false, pageLoadStrategy: normal, platformName: mac, proxy: Proxy(), se:cdp: ws://localhost:51369/devtoo..., se:cdpVersion: 138.0.7204.93, setWindowRect: true, strictFileInteractability: false, timeouts: {implicit: 0, pageLoad: 300000, script: 30000}, unhandledPromptBehavior: dismiss and notify, webauthn:extension:credBlob: true, webauthn:extension:largeBlob: true, webauthn:extension:minPinLength: true, webauthn:extension:prf: true, webauthn:virtualAuthenticators: true}" type="org.openqa.selenium.NoSuchSessionException"><![CDATA[org.openqa.selenium.NoSuchSessionException: 
Session ID is null. Using WebDriver after calling quit()?
Build info: version: '4.34.0', revision: '707dcb4246*'
System info: os.name: 'Mac OS X', os.arch: 'aarch64', os.version: '15.5', java.version: '17.0.15'
Driver info: org.openqa.selenium.chrome.ChromeDriver
Command: [null, maximizeCurrentWindow {}]
Capabilities {acceptInsecureCerts: false, browserName: chrome, browserVersion: 138.0.7204.93, chrome: {chromedriverVersion: 138.0.7204.94 (545025748884..., userDataDir: /var/folders/b7/cdf4zftd0dz...}, fedcm:accounts: true, goog:chromeOptions: {debuggerAddress: localhost:51369}, networkConnectionEnabled: false, pageLoadStrategy: normal, platformName: mac, proxy: Proxy(), se:cdp: ws://localhost:51369/devtoo..., se:cdpVersion: 138.0.7204.93, setWindowRect: true, strictFileInteractability: false, timeouts: {implicit: 0, pageLoad: 300000, script: 30000}, unhandledPromptBehavior: dismiss and notify, webauthn:extension:credBlob: true, webauthn:extension:largeBlob: true, webauthn:extension:minPinLength: true, webauthn:extension:prf: true, webauthn:virtualAuthenticators: true}
	at org.openqa.selenium.remote.HttpCommandExecutor.execute(HttpCommandExecutor.java:176)
	at org.openqa.selenium.remote.service.DriverCommandExecutor.invokeExecute(DriverCommandExecutor.java:216)
	at org.openqa.selenium.remote.service.DriverCommandExecutor.execute(DriverCommandExecutor.java:174)
	at org.openqa.selenium.remote.RemoteWebDriver.execute(RemoteWebDriver.java:544)
	at org.openqa.selenium.remote.RemoteWebDriver.execute(RemoteWebDriver.java:617)
	at org.openqa.selenium.remote.RemoteWebDriver.execute(RemoteWebDriver.java:621)
	at org.openqa.selenium.remote.RemoteWebDriver$RemoteWebDriverOptions$RemoteWindow.maximize(RemoteWebDriver.java:1047)
	at hooks.TestHooks.setUp(TestHooks.java:17)
]]></error>
    <system-out><![CDATA[
@Smoke
Scenario Outline: Login using test data from config # src/main/resources/features/Login.feature:13
      org.openqa.selenium.NoSuchSessionException: Session ID is null. Using WebDriver after calling quit()?
      Build info: version: '4.34.0', revision: '707dcb4246*'
      System info: os.name: 'Mac OS X', os.arch: 'aarch64', os.version: '15.5', java.version: '17.0.15'
      Driver info: org.openqa.selenium.chrome.ChromeDriver
      Command: [null, maximizeCurrentWindow {}]
      Capabilities {acceptInsecureCerts: false, browserName: chrome, browserVersion: 138.0.7204.93, chrome: {chromedriverVersion: 138.0.7204.94 (545025748884..., userDataDir: /var/folders/b7/cdf4zftd0dz...}, fedcm:accounts: true, goog:chromeOptions: {debuggerAddress: localhost:51369}, networkConnectionEnabled: false, pageLoadStrategy: normal, platformName: mac, proxy: Proxy(), se:cdp: ws://localhost:51369/devtoo..., se:cdpVersion: 138.0.7204.93, setWindowRect: true, strictFileInteractability: false, timeouts: {implicit: 0, pageLoad: 300000, script: 30000}, unhandledPromptBehavior: dismiss and notify, webauthn:extension:credBlob: true, webauthn:extension:largeBlob: true, webauthn:extension:minPinLength: true, webauthn:extension:prf: true, webauthn:virtualAuthenticators: true}
      	at org.openqa.selenium.remote.HttpCommandExecutor.execute(HttpCommandExecutor.java:176)
      	at org.openqa.selenium.remote.service.DriverCommandExecutor.invokeExecute(DriverCommandExecutor.java:216)
      	at org.openqa.selenium.remote.service.DriverCommandExecutor.execute(DriverCommandExecutor.java:174)
      	at org.openqa.selenium.remote.RemoteWebDriver.execute(RemoteWebDriver.java:544)
      	at org.openqa.selenium.remote.RemoteWebDriver.execute(RemoteWebDriver.java:617)
      	at org.openqa.selenium.remote.RemoteWebDriver.execute(RemoteWebDriver.java:621)
      	at org.openqa.selenium.remote.RemoteWebDriver$RemoteWebDriverOptions$RemoteWindow.maximize(RemoteWebDriver.java:1047)
      	at hooks.TestHooks.setUp(TestHooks.java:17)
  Given User is on the Amazon login page            # stepDefinitions.LoginStep.user_is_on_the_amazon_login_page()
  When User select login option from landing page   # stepDefinitions.LoginStep.user_select_login_option_from_landing_page()
  Then User logs in using "user1"                   # stepDefinitions.LoginStep.user_logs_in_using(java.lang.String)
  And User should be logged in successfully         # stepDefinitions.LoginStep.user_should_be_logged_in_successfully()
      org.openqa.selenium.NoSuchSessionException: Session ID is null. Using WebDriver after calling quit()?
      Build info: version: '4.34.0', revision: '707dcb4246*'
      System info: os.name: 'Mac OS X', os.arch: 'aarch64', os.version: '15.5', java.version: '17.0.15'
      Driver info: org.openqa.selenium.chrome.ChromeDriver
      Command: [null, screenshot {}]
      Capabilities {acceptInsecureCerts: false, browserName: chrome, browserVersion: 138.0.7204.93, chrome: {chromedriverVersion: 138.0.7204.94 (545025748884..., userDataDir: /var/folders/b7/cdf4zftd0dz...}, fedcm:accounts: true, goog:chromeOptions: {debuggerAddress: localhost:51369}, networkConnectionEnabled: false, pageLoadStrategy: normal, platformName: mac, proxy: Proxy(), se:cdp: ws://localhost:51369/devtoo..., se:cdpVersion: 138.0.7204.93, setWindowRect: true, strictFileInteractability: false, timeouts: {implicit: 0, pageLoad: 300000, script: 30000}, unhandledPromptBehavior: dismiss and notify, webauthn:extension:credBlob: true, webauthn:extension:largeBlob: true, webauthn:extension:minPinLength: true, webauthn:extension:prf: true, webauthn:virtualAuthenticators: true}
      	at org.openqa.selenium.remote.HttpCommandExecutor.execute(HttpCommandExecutor.java:176)
      	at org.openqa.selenium.remote.service.DriverCommandExecutor.invokeExecute(DriverCommandExecutor.java:216)
      	at org.openqa.selenium.remote.service.DriverCommandExecutor.execute(DriverCommandExecutor.java:174)
      	at org.openqa.selenium.remote.RemoteWebDriver.execute(RemoteWebDriver.java:544)
      	at org.openqa.selenium.remote.RemoteWebDriver.execute(RemoteWebDriver.java:617)
      	at org.openqa.selenium.remote.RemoteWebDriver.execute(RemoteWebDriver.java:621)
      	at org.openqa.selenium.remote.RemoteWebDriver.getScreenshotAs(RemoteWebDriver.java:333)
      	at utils.ScreenshotUtil.takeScreenshot(ScreenshotUtil.java:28)
      	at hooks.TestHooks.tearDown(TestHooks.java:23)
]]></system-out>
  </testcase>
  <testcase name="Login using test data from config #1" classname="Amazon Login Using Config Test Data" time="0.005">
    <error message="Session ID is null. Using WebDriver after calling quit()?&#10;Build info: version: &apos;4.34.0&apos;, revision: &apos;707dcb4246*&apos;&#10;System info: os.name: &apos;Mac OS X&apos;, os.arch: &apos;aarch64&apos;, os.version: &apos;15.5&apos;, java.version: &apos;17.0.15&apos;&#10;Driver info: org.openqa.selenium.chrome.ChromeDriver&#10;Command: [null, screenshot {}]&#10;Capabilities {acceptInsecureCerts: false, browserName: chrome, browserVersion: 138.0.7204.93, chrome: {chromedriverVersion: 138.0.7204.94 (545025748884..., userDataDir: /var/folders/b7/cdf4zftd0dz...}, fedcm:accounts: true, goog:chromeOptions: {debuggerAddress: localhost:51369}, networkConnectionEnabled: false, pageLoadStrategy: normal, platformName: mac, proxy: Proxy(), se:cdp: ws://localhost:51369/devtoo..., se:cdpVersion: 138.0.7204.93, setWindowRect: true, strictFileInteractability: false, timeouts: {implicit: 0, pageLoad: 300000, script: 30000}, unhandledPromptBehavior: dismiss and notify, webauthn:extension:credBlob: true, webauthn:extension:largeBlob: true, webauthn:extension:minPinLength: true, webauthn:extension:prf: true, webauthn:virtualAuthenticators: true}" type="org.openqa.selenium.NoSuchSessionException"><![CDATA[org.openqa.selenium.NoSuchSessionException: 
Session ID is null. Using WebDriver after calling quit()?
Build info: version: '4.34.0', revision: '707dcb4246*'
System info: os.name: 'Mac OS X', os.arch: 'aarch64', os.version: '15.5', java.version: '17.0.15'
Driver info: org.openqa.selenium.chrome.ChromeDriver
Command: [null, screenshot {}]
Capabilities {acceptInsecureCerts: false, browserName: chrome, browserVersion: 138.0.7204.93, chrome: {chromedriverVersion: 138.0.7204.94 (545025748884..., userDataDir: /var/folders/b7/cdf4zftd0dz...}, fedcm:accounts: true, goog:chromeOptions: {debuggerAddress: localhost:51369}, networkConnectionEnabled: false, pageLoadStrategy: normal, platformName: mac, proxy: Proxy(), se:cdp: ws://localhost:51369/devtoo..., se:cdpVersion: 138.0.7204.93, setWindowRect: true, strictFileInteractability: false, timeouts: {implicit: 0, pageLoad: 300000, script: 30000}, unhandledPromptBehavior: dismiss and notify, webauthn:extension:credBlob: true, webauthn:extension:largeBlob: true, webauthn:extension:minPinLength: true, webauthn:extension:prf: true, webauthn:virtualAuthenticators: true}
	at org.openqa.selenium.remote.HttpCommandExecutor.execute(HttpCommandExecutor.java:176)
	at org.openqa.selenium.remote.service.DriverCommandExecutor.invokeExecute(DriverCommandExecutor.java:216)
	at org.openqa.selenium.remote.service.DriverCommandExecutor.execute(DriverCommandExecutor.java:174)
	at org.openqa.selenium.remote.RemoteWebDriver.execute(RemoteWebDriver.java:544)
	at org.openqa.selenium.remote.RemoteWebDriver.execute(RemoteWebDriver.java:617)
	at org.openqa.selenium.remote.RemoteWebDriver.execute(RemoteWebDriver.java:621)
	at org.openqa.selenium.remote.RemoteWebDriver.getScreenshotAs(RemoteWebDriver.java:333)
	at utils.ScreenshotUtil.takeScreenshot(ScreenshotUtil.java:28)
	at hooks.TestHooks.tearDown(TestHooks.java:23)
]]></error>
  </testcase>
  <testcase name="Login using test data from config #2" classname="Amazon Login Using Config Test Data" time="0.003">
    <error message="Session ID is null. Using WebDriver after calling quit()?&#10;Build info: version: &apos;4.34.0&apos;, revision: &apos;707dcb4246*&apos;&#10;System info: os.name: &apos;Mac OS X&apos;, os.arch: &apos;aarch64&apos;, os.version: &apos;15.5&apos;, java.version: &apos;17.0.15&apos;&#10;Driver info: org.openqa.selenium.chrome.ChromeDriver&#10;Command: [null, maximizeCurrentWindow {}]&#10;Capabilities {acceptInsecureCerts: false, browserName: chrome, browserVersion: 138.0.7204.93, chrome: {chromedriverVersion: 138.0.7204.94 (545025748884..., userDataDir: /var/folders/b7/cdf4zftd0dz...}, fedcm:accounts: true, goog:chromeOptions: {debuggerAddress: localhost:51369}, networkConnectionEnabled: false, pageLoadStrategy: normal, platformName: mac, proxy: Proxy(), se:cdp: ws://localhost:51369/devtoo..., se:cdpVersion: 138.0.7204.93, setWindowRect: true, strictFileInteractability: false, timeouts: {implicit: 0, pageLoad: 300000, script: 30000}, unhandledPromptBehavior: dismiss and notify, webauthn:extension:credBlob: true, webauthn:extension:largeBlob: true, webauthn:extension:minPinLength: true, webauthn:extension:prf: true, webauthn:virtualAuthenticators: true}" type="org.openqa.selenium.NoSuchSessionException"><![CDATA[org.openqa.selenium.NoSuchSessionException: 
Session ID is null. Using WebDriver after calling quit()?
Build info: version: '4.34.0', revision: '707dcb4246*'
System info: os.name: 'Mac OS X', os.arch: 'aarch64', os.version: '15.5', java.version: '17.0.15'
Driver info: org.openqa.selenium.chrome.ChromeDriver
Command: [null, maximizeCurrentWindow {}]
Capabilities {acceptInsecureCerts: false, browserName: chrome, browserVersion: 138.0.7204.93, chrome: {chromedriverVersion: 138.0.7204.94 (545025748884..., userDataDir: /var/folders/b7/cdf4zftd0dz...}, fedcm:accounts: true, goog:chromeOptions: {debuggerAddress: localhost:51369}, networkConnectionEnabled: false, pageLoadStrategy: normal, platformName: mac, proxy: Proxy(), se:cdp: ws://localhost:51369/devtoo..., se:cdpVersion: 138.0.7204.93, setWindowRect: true, strictFileInteractability: false, timeouts: {implicit: 0, pageLoad: 300000, script: 30000}, unhandledPromptBehavior: dismiss and notify, webauthn:extension:credBlob: true, webauthn:extension:largeBlob: true, webauthn:extension:minPinLength: true, webauthn:extension:prf: true, webauthn:virtualAuthenticators: true}
	at org.openqa.selenium.remote.HttpCommandExecutor.execute(HttpCommandExecutor.java:176)
	at org.openqa.selenium.remote.service.DriverCommandExecutor.invokeExecute(DriverCommandExecutor.java:216)
	at org.openqa.selenium.remote.service.DriverCommandExecutor.execute(DriverCommandExecutor.java:174)
	at org.openqa.selenium.remote.RemoteWebDriver.execute(RemoteWebDriver.java:544)
	at org.openqa.selenium.remote.RemoteWebDriver.execute(RemoteWebDriver.java:617)
	at org.openqa.selenium.remote.RemoteWebDriver.execute(RemoteWebDriver.java:621)
	at org.openqa.selenium.remote.RemoteWebDriver$RemoteWebDriverOptions$RemoteWindow.maximize(RemoteWebDriver.java:1047)
	at hooks.TestHooks.setUp(TestHooks.java:17)
]]></error>
    <system-out><![CDATA[
@Smoke
Scenario Outline: Login using test data from config # src/main/resources/features/Login.feature:14
      org.openqa.selenium.NoSuchSessionException: Session ID is null. Using WebDriver after calling quit()?
      Build info: version: '4.34.0', revision: '707dcb4246*'
      System info: os.name: 'Mac OS X', os.arch: 'aarch64', os.version: '15.5', java.version: '17.0.15'
      Driver info: org.openqa.selenium.chrome.ChromeDriver
      Command: [null, maximizeCurrentWindow {}]
      Capabilities {acceptInsecureCerts: false, browserName: chrome, browserVersion: 138.0.7204.93, chrome: {chromedriverVersion: 138.0.7204.94 (545025748884..., userDataDir: /var/folders/b7/cdf4zftd0dz...}, fedcm:accounts: true, goog:chromeOptions: {debuggerAddress: localhost:51369}, networkConnectionEnabled: false, pageLoadStrategy: normal, platformName: mac, proxy: Proxy(), se:cdp: ws://localhost:51369/devtoo..., se:cdpVersion: 138.0.7204.93, setWindowRect: true, strictFileInteractability: false, timeouts: {implicit: 0, pageLoad: 300000, script: 30000}, unhandledPromptBehavior: dismiss and notify, webauthn:extension:credBlob: true, webauthn:extension:largeBlob: true, webauthn:extension:minPinLength: true, webauthn:extension:prf: true, webauthn:virtualAuthenticators: true}
      	at org.openqa.selenium.remote.HttpCommandExecutor.execute(HttpCommandExecutor.java:176)
      	at org.openqa.selenium.remote.service.DriverCommandExecutor.invokeExecute(DriverCommandExecutor.java:216)
      	at org.openqa.selenium.remote.service.DriverCommandExecutor.execute(DriverCommandExecutor.java:174)
      	at org.openqa.selenium.remote.RemoteWebDriver.execute(RemoteWebDriver.java:544)
      	at org.openqa.selenium.remote.RemoteWebDriver.execute(RemoteWebDriver.java:617)
      	at org.openqa.selenium.remote.RemoteWebDriver.execute(RemoteWebDriver.java:621)
      	at org.openqa.selenium.remote.RemoteWebDriver$RemoteWebDriverOptions$RemoteWindow.maximize(RemoteWebDriver.java:1047)
      	at hooks.TestHooks.setUp(TestHooks.java:17)
  Given User is on the Amazon login page            # stepDefinitions.LoginStep.user_is_on_the_amazon_login_page()
  When User select login option from landing page   # stepDefinitions.LoginStep.user_select_login_option_from_landing_page()
  Then User logs in using "user2"                   # stepDefinitions.LoginStep.user_logs_in_using(java.lang.String)
  And User should be logged in successfully         # stepDefinitions.LoginStep.user_should_be_logged_in_successfully()
      org.openqa.selenium.NoSuchSessionException: Session ID is null. Using WebDriver after calling quit()?
      Build info: version: '4.34.0', revision: '707dcb4246*'
      System info: os.name: 'Mac OS X', os.arch: 'aarch64', os.version: '15.5', java.version: '17.0.15'
      Driver info: org.openqa.selenium.chrome.ChromeDriver
      Command: [null, screenshot {}]
      Capabilities {acceptInsecureCerts: false, browserName: chrome, browserVersion: 138.0.7204.93, chrome: {chromedriverVersion: 138.0.7204.94 (545025748884..., userDataDir: /var/folders/b7/cdf4zftd0dz...}, fedcm:accounts: true, goog:chromeOptions: {debuggerAddress: localhost:51369}, networkConnectionEnabled: false, pageLoadStrategy: normal, platformName: mac, proxy: Proxy(), se:cdp: ws://localhost:51369/devtoo..., se:cdpVersion: 138.0.7204.93, setWindowRect: true, strictFileInteractability: false, timeouts: {implicit: 0, pageLoad: 300000, script: 30000}, unhandledPromptBehavior: dismiss and notify, webauthn:extension:credBlob: true, webauthn:extension:largeBlob: true, webauthn:extension:minPinLength: true, webauthn:extension:prf: true, webauthn:virtualAuthenticators: true}
      	at org.openqa.selenium.remote.HttpCommandExecutor.execute(HttpCommandExecutor.java:176)
      	at org.openqa.selenium.remote.service.DriverCommandExecutor.invokeExecute(DriverCommandExecutor.java:216)
      	at org.openqa.selenium.remote.service.DriverCommandExecutor.execute(DriverCommandExecutor.java:174)
      	at org.openqa.selenium.remote.RemoteWebDriver.execute(RemoteWebDriver.java:544)
      	at org.openqa.selenium.remote.RemoteWebDriver.execute(RemoteWebDriver.java:617)
      	at org.openqa.selenium.remote.RemoteWebDriver.execute(RemoteWebDriver.java:621)
      	at org.openqa.selenium.remote.RemoteWebDriver.getScreenshotAs(RemoteWebDriver.java:333)
      	at utils.ScreenshotUtil.takeScreenshot(ScreenshotUtil.java:28)
      	at hooks.TestHooks.tearDown(TestHooks.java:23)
]]></system-out>
  </testcase>
  <testcase name="Login using test data from config #2" classname="Amazon Login Using Config Test Data" time="0.004">
    <error message="Session ID is null. Using WebDriver after calling quit()?&#10;Build info: version: &apos;4.34.0&apos;, revision: &apos;707dcb4246*&apos;&#10;System info: os.name: &apos;Mac OS X&apos;, os.arch: &apos;aarch64&apos;, os.version: &apos;15.5&apos;, java.version: &apos;17.0.15&apos;&#10;Driver info: org.openqa.selenium.chrome.ChromeDriver&#10;Command: [null, screenshot {}]&#10;Capabilities {acceptInsecureCerts: false, browserName: chrome, browserVersion: 138.0.7204.93, chrome: {chromedriverVersion: 138.0.7204.94 (545025748884..., userDataDir: /var/folders/b7/cdf4zftd0dz...}, fedcm:accounts: true, goog:chromeOptions: {debuggerAddress: localhost:51369}, networkConnectionEnabled: false, pageLoadStrategy: normal, platformName: mac, proxy: Proxy(), se:cdp: ws://localhost:51369/devtoo..., se:cdpVersion: 138.0.7204.93, setWindowRect: true, strictFileInteractability: false, timeouts: {implicit: 0, pageLoad: 300000, script: 30000}, unhandledPromptBehavior: dismiss and notify, webauthn:extension:credBlob: true, webauthn:extension:largeBlob: true, webauthn:extension:minPinLength: true, webauthn:extension:prf: true, webauthn:virtualAuthenticators: true}" type="org.openqa.selenium.NoSuchSessionException"><![CDATA[org.openqa.selenium.NoSuchSessionException: 
Session ID is null. Using WebDriver after calling quit()?
Build info: version: '4.34.0', revision: '707dcb4246*'
System info: os.name: 'Mac OS X', os.arch: 'aarch64', os.version: '15.5', java.version: '17.0.15'
Driver info: org.openqa.selenium.chrome.ChromeDriver
Command: [null, screenshot {}]
Capabilities {acceptInsecureCerts: false, browserName: chrome, browserVersion: 138.0.7204.93, chrome: {chromedriverVersion: 138.0.7204.94 (545025748884..., userDataDir: /var/folders/b7/cdf4zftd0dz...}, fedcm:accounts: true, goog:chromeOptions: {debuggerAddress: localhost:51369}, networkConnectionEnabled: false, pageLoadStrategy: normal, platformName: mac, proxy: Proxy(), se:cdp: ws://localhost:51369/devtoo..., se:cdpVersion: 138.0.7204.93, setWindowRect: true, strictFileInteractability: false, timeouts: {implicit: 0, pageLoad: 300000, script: 30000}, unhandledPromptBehavior: dismiss and notify, webauthn:extension:credBlob: true, webauthn:extension:largeBlob: true, webauthn:extension:minPinLength: true, webauthn:extension:prf: true, webauthn:virtualAuthenticators: true}
	at org.openqa.selenium.remote.HttpCommandExecutor.execute(HttpCommandExecutor.java:176)
	at org.openqa.selenium.remote.service.DriverCommandExecutor.invokeExecute(DriverCommandExecutor.java:216)
	at org.openqa.selenium.remote.service.DriverCommandExecutor.execute(DriverCommandExecutor.java:174)
	at org.openqa.selenium.remote.RemoteWebDriver.execute(RemoteWebDriver.java:544)
	at org.openqa.selenium.remote.RemoteWebDriver.execute(RemoteWebDriver.java:617)
	at org.openqa.selenium.remote.RemoteWebDriver.execute(RemoteWebDriver.java:621)
	at org.openqa.selenium.remote.RemoteWebDriver.getScreenshotAs(RemoteWebDriver.java:333)
	at utils.ScreenshotUtil.takeScreenshot(ScreenshotUtil.java:28)
	at hooks.TestHooks.tearDown(TestHooks.java:23)
]]></error>
  </testcase>
</testsuite>